<?xml version="1.0" encoding="UTF-8"?>
<testng-results skipped="0" failed="0" ignored="0" total="0" passed="0">
  <reporter-output>
  </reporter-output>
  <suite name="test_data.Test" duration-ms="7" started-at="2019-12-31T10:19:56Z" finished-at="2019-12-31T10:19:56Z">
    <groups>
    </groups>
    <test name="Command line test" duration-ms="7" started-at="2019-12-31T10:19:56Z" finished-at="2019-12-31T10:19:56Z">
    </test> <!-- Command line test -->
  </suite> <!-- test_data.Test -->
</testng-results>
