<?xml version="1.0" encoding="UTF-8"?>
<!-- Generated by org.testng.reporters.JUnitXMLReporter -->
<testsuite hostname="Bala-Pavan" ignored="15" name="Stresams UCC" tests="5" failures="0" timestamp="31 Dec 2019 12:20:52 GMT" time="275.553" errors="0">
  <testcase name="ULmLogin" time="48.008" classname="main_running_script_streams_ucc.StreamsUCC_Main_Script"/>
  <testcase name="ULM_Queues" time="56.175" classname="main_running_script_streams_ucc.StreamsUCC_Main_Script"/>
  <testcase name="ULM_Hide_Filters" time="55.568" classname="main_running_script_streams_ucc.StreamsUCC_Main_Script"/>
  <testcase name="ULM_Show_Filters" time="57.478" classname="main_running_script_streams_ucc.StreamsUCC_Main_Script"/>
  <testcase name="CallmonitoringForm" time="57.956" classname="main_running_script_streams_ucc.StreamsUCC_Main_Script"/>
  <testcase name="Audiofile_validations" time="0.0" classname="main_running_script_streams_ucc.StreamsUCC_Main_Script">
    <ignored/>
  </testcase> <!-- Audiofile_validations -->
  <testcase name="Photo_Attachment_validation" time="0.0" classname="main_running_script_streams_ucc.StreamsUCC_Main_Script">
    <ignored/>
  </testcase> <!-- Photo_Attachment_validation -->
  <testcase name="StatusValidation" time="0.0" classname="main_running_script_streams_ucc.StreamsUCC_Main_Script">
    <ignored/>
  </testcase> <!-- StatusValidation -->
  <testcase name="Message_validations" time="0.0" classname="main_running_script_streams_ucc.StreamsUCC_Main_Script">
    <ignored/>
  </testcase> <!-- Message_validations -->
  <testcase name="team_Creation" time="0.0" classname="main_running_script_streams_ucc.StreamsUCC_Main_Script">
    <ignored/>
  </testcase> <!-- team_Creation -->
  <testcase name="Collegeof_photos_validatoions" time="0.0" classname="main_running_script_streams_ucc.StreamsUCC_Main_Script">
    <ignored/>
  </testcase> <!-- Collegeof_photos_validatoions -->
  <testcase name="login_streams" time="0.0" classname="main_running_script_streams_ucc.StreamsUCC_Main_Script">
    <ignored/>
  </testcase> <!-- login_streams -->
  <testcase name="Textfile_Validations" time="0.0" classname="main_running_script_streams_ucc.StreamsUCC_Main_Script">
    <ignored/>
  </testcase> <!-- Textfile_Validations -->
  <testcase name="OwnerActions" time="0.0" classname="main_running_script_streams_ucc.StreamsUCC_Main_Script">
    <ignored/>
  </testcase> <!-- OwnerActions -->
  <testcase name="IndependentULM_QuorumTechBranding" time="0.0" classname="main_running_script_streams_ucc.StreamsUCC_Main_Script">
    <ignored/>
  </testcase> <!-- IndependentULM_QuorumTechBranding -->
  <testcase name="IndepedentULM_InpacketBrandings" time="0.0" classname="main_running_script_streams_ucc.StreamsUCC_Main_Script">
    <ignored/>
  </testcase> <!-- IndepedentULM_InpacketBrandings -->
  <testcase name="ReceiverActions" time="0.0" classname="main_running_script_streams_ucc.StreamsUCC_Main_Script">
    <ignored/>
  </testcase> <!-- ReceiverActions -->
  <testcase name="IndepedentULM_StreamsBrandings" time="0.0" classname="main_running_script_streams_ucc.StreamsUCC_Main_Script">
    <ignored/>
  </testcase> <!-- IndepedentULM_StreamsBrandings -->
  <testcase name="Loggedin_Logout_Agentes" time="0.0" classname="main_running_script_streams_ucc.StreamsUCC_Main_Script">
    <ignored/>
  </testcase> <!-- Loggedin_Logout_Agentes -->
  <testcase name="IndependentULM_KonnectBranding" time="0.0" classname="main_running_script_streams_ucc.StreamsUCC_Main_Script">
    <ignored/>
  </testcase> <!-- IndependentULM_KonnectBranding -->
</testsuite> <!-- Stresams UCC -->
